<?xml version="1.0" encoding="UTF-8"?>
<testng-results ignored="0" total="1" passed="1" failed="0" skipped="0">
  <reporter-output>
  </reporter-output>
  <suite started-at="2025-02-21T15:28:08 IST" name="Default suite" finished-at="2025-02-21T15:28:16 IST" duration-ms="8238">
    <groups>
    </groups>
    <test started-at="2025-02-21T15:28:08 IST" name="Default test" finished-at="2025-02-21T15:28:16 IST" duration-ms="8238">
      <class name="Test.TestClass">
        <test-method is-config="true" signature="setUp()[pri:0, instance:Test.TestClass@a1153bc]" started-at="2025-02-21T15:28:08 IST" name="setUp" finished-at="2025-02-21T15:28:12 IST" duration-ms="3431" status="PASS">
          <reporter-output>
          </reporter-output>
        </test-method> <!-- setUp -->
        <test-method signature="testCases1()[pri:1, instance:Test.TestClass@a1153bc]" started-at="2025-02-21T15:28:12 IST" name="testCases1" finished-at="2025-02-21T15:28:16 IST" duration-ms="4765" status="PASS">
          <reporter-output>
          </reporter-output>
        </test-method> <!-- testCases1 -->
      </class> <!-- Test.TestClass -->
    </test> <!-- Default test -->
  </suite> <!-- Default suite -->
</testng-results>
