<?xml version="1.0" encoding="UTF-8"?>
<testng-results ignored="0" total="1" passed="1" failed="0" skipped="0">
  <reporter-output>
  </reporter-output>
  <suite started-at="2025-02-28T10:53:50 IST" name="Default suite" finished-at="2025-02-28T10:53:54 IST" duration-ms="4594">
    <groups>
    </groups>
    <test started-at="2025-02-28T10:53:50 IST" name="Default test" finished-at="2025-02-28T10:53:54 IST" duration-ms="4594">
      <class name="Test.TestClass">
        <test-method is-config="true" signature="setUp()[pri:0, instance:Test.TestClass@73a1e9a9]" started-at="2025-02-28T10:53:50 IST" name="setUp" finished-at="2025-02-28T10:53:53 IST" duration-ms="3714" status="PASS">
          <reporter-output>
          </reporter-output>
        </test-method> <!-- setUp -->
        <test-method signature="TESTCASES11()[pri:11, instance:Test.TestClass@73a1e9a9]" started-at="2025-02-28T10:53:53 IST" name="TESTCASES11" finished-at="2025-02-28T10:53:54 IST" duration-ms="700" status="PASS">
          <reporter-output>
          </reporter-output>
        </test-method> <!-- TESTCASES11 -->
        <test-method is-config="true" signature="tearDown()[pri:0, instance:Test.TestClass@73a1e9a9]" started-at="2025-02-28T10:53:54 IST" name="tearDown" finished-at="2025-02-28T10:53:54 IST" duration-ms="144" status="PASS">
          <reporter-output>
          </reporter-output>
        </test-method> <!-- tearDown -->
      </class> <!-- Test.TestClass -->
    </test> <!-- Default test -->
  </suite> <!-- Default suite -->
</testng-results>
